SAMPLE RUNS

first_duplicate
# first_duplicate [1;3;4;7;2;2;3;1];;
- : int = 1

# first_duplicate [9;8;7;6;4;4;3;3;2;1];;
- : int = 4

first_nonrepeating
# first_nonrepeating [1;3;4;7;2;2;3;1];;
- : int = 4

# first_nonrepeating [9;8;7;6;4;4;3;2;8];;
- : int = 9

sumOfTwo
# sumOfTwo ([1;2;3],[6;7;8;11], 12);;
- : bool = true

# sumOfTwo ([1;2;3],[6;7;8;11], 15);;
- : bool = false

cyk_sublists
# cyk_sublists 8;;
- : (int * int) list = [(1, 7); (2, 6); (3, 5); (4, 4); (5, 3); (6, 2); (7, 1)]

# cyk_sublists 7;;
- : (int * int) list = [(1, 6); (2, 5); (3, 4); (4, 3); (5, 2); (6, 1)]
